# JRE version: OpenJDK Runtime Environment (8.0_161-b14) (build 1.8.0_161-1-redhat-b14)
# Java VM: OpenJDK 64-Bit Server VM (25.161-b14 mixed mode windows-amd64 compressed oops)
Heap:
 garbage-first heap   total 262144K, used 128512K [0x00000000c0000000, 0x00000000c0100800, 0x0000000100000000)
  region size 1024K, 102 young (104448K), 20 survivors (20480K)
 Metaspace       used 47857K, capacity 50682K, committed 50816K, reserved 1093632K
  class space    used 4820K, capacity 5726K, committed 5760K, reserved 1048576K
GC Heap History (10 events):
Event: 1.548 GC heap before
{Heap before GC invocations=0 (full 0):
 garbage-first heap   total 262144K, used 24576K [0x00000000c0000000, 0x00000000c0100800, 0x0000000100000000)
  region size 1024K, 24 young (24576K), 0 survivors (0K)
 Metaspace       used 8669K, capacity 8906K, committed 9216K, reserved 1056768K
  class space    used 834K, capacity 899K, committed 1024K, reserved 1048576K
Event: 1.554 GC heap after
Heap after GC invocations=1 (full 0):
 garbage-first heap   total 262144K, used 5799K [0x00000000c0000000, 0x00000000c0100800, 0x0000000100000000)
  region size 1024K, 3 young (3072K), 3 survivors (3072K)
 Metaspace       used 8669K, capacity 8906K, committed 9216K, reserved 1056768K
  class space    used 834K, capacity 899K, committed 1024K, reserved 1048576K
}
Event: 1.998 GC heap before
{Heap before GC invocations=1 (full 0):
 garbage-first heap   total 262144K, used 37543K [0x00000000c0000000, 0x00000000c0100800, 0x0000000100000000)
  region size 1024K, 34 young (34816K), 3 survivors (3072K)
 Metaspace       used 19658K, capacity 20740K, committed 20992K, reserved 1069056K
  class space    used 1879K, capacity 2216K, committed 2304K, reserved 1048576K
Event: 2.008 GC heap after
Heap after GC invocations=2 (full 0):
 garbage-first heap   total 262144K, used 16916K [0x00000000c0000000, 0x00000000c0100800, 0x0000000100000000)
  region size 1024K, 5 young (5120K), 5 survivors (5120K)
 Metaspace       used 19658K, capacity 20740K, committed 20992K, reserved 1069056K
  class space    used 1879K, capacity 2216K, committed 2304K, reserved 1048576K
}
Event: 2.017 GC heap before
{Heap before GC invocations=2 (full 0):
 garbage-first heap   total 262144K, used 17940K [0x00000000c0000000, 0x00000000c0100800, 0x0000000100000000)
  region size 1024K, 7 young (7168K), 5 survivors (5120K)
 Metaspace       used 19969K, capacity 21098K, committed 21248K, reserved 1069056K
  class space    used 1913K, capacity 2249K, committed 2304K, reserved 1048576K
Event: 2.020 GC heap after
Heap after GC invocations=3 (full 0):
 garbage-first heap   total 262144K, used 16495K [0x00000000c0000000, 0x00000000c0100800, 0x0000000100000000)
  region size 1024K, 5 young (5120K), 5 survivors (5120K)
 Metaspace       used 19969K, capacity 21098K, committed 21248K, reserved 1069056K
  class space    used 1913K, capacity 2249K, committed 2304K, reserved 1048576K
}
Event: 3.152 GC heap before
{Heap before GC invocations=4 (full 0):
 garbage-first heap   total 262144K, used 130651K [0x00000000c0000000, 0x00000000c0100800, 0x0000000100000000)
  region size 1024K, 123 young (125952K), 5 survivors (5120K)
 Metaspace       used 33351K, capacity 35650K, committed 35840K, reserved 1081344K
  class space    used 3511K, capacity 4200K, committed 4224K, reserved 1048576K
Event: 3.171 GC heap after
Heap after GC invocations=5 (full 0):
 garbage-first heap   total 262144K, used 35014K [0x00000000c0000000, 0x00000000c0100800, 0x0000000100000000)
  region size 1024K, 20 young (20480K), 20 survivors (20480K)
 Metaspace       used 33351K, capacity 35650K, committed 35840K, reserved 1081344K
  class space    used 3511K, capacity 4200K, committed 4224K, reserved 1048576K
}
Event: 4.416 GC heap before
{Heap before GC invocations=6 (full 0):
 garbage-first heap   total 262144K, used 171718K [0x00000000c0000000, 0x00000000c0100800, 0x0000000100000000)
  region size 1024K, 153 young (156672K), 20 survivors (20480K)
 Metaspace       used 43955K, capacity 46554K, committed 46848K, reserved 1091584K
  class space    used 4533K, capacity 5325K, committed 5376K, reserved 1048576K
Event: 4.434 GC heap after
Heap after GC invocations=7 (full 0):
 garbage-first heap   total 262144K, used 45568K [0x00000000c0000000, 0x00000000c0100800, 0x0000000100000000)
  region size 1024K, 20 young (20480K), 20 survivors (20480K)
 Metaspace       used 43955K, capacity 46554K, committed 46848K, reserved 1091584K
  class space    used 4533K, capacity 5325K, committed 5376K, reserved 1048576K
}

